Flutter crash report; please file at https://github.com/flutter/flutter/issues.

## command

flutter --no-color packages upgrade

## exception

YamlException: Error on line 32, column 1: Duplicate mapping key.
flutter:
^^^^^^^

```
#0      Loader._loadMapping (package:yaml/src/loader.dart:167)
#1      Loader._loadNode (package:yaml/src/loader.dart:86)
#2      Loader._loadDocument (package:yaml/src/loader.dart:62)
#3      Loader.load (package:yaml/src/loader.dart:54)
#4      loadYamlDocument (package:yaml/yaml.dart:51)
#5      loadYamlNode (package:yaml/yaml.dart:42)
#6      loadYaml (package:yaml/yaml.dart:34)
#7      _pluginFromPubspec (package:flutter_tools/src/plugins.dart:52)
#8      _findPlugins.<anonymous closure> (package:flutter_tools/src/plugins.dart:75)
#9      _HashVMBase&MapMixin&&_LinkedHashMapMixin.forEach (dart:collection-patch/dart:collection/compact_hash.dart:363)
#10     _findPlugins (package:flutter_tools/src/plugins.dart:73)
#11     injectPlugins (package:flutter_tools/src/plugins.dart:238)
#12     FlutterProject.ensureReadyForPlatformSpecificTooling (package:flutter_tools/src/project.dart:62)
#13     PackagesGetCommand.runCommand (package:flutter_tools/src/commands/packages.dart:80)
<asynchronous suspension>
#14     FlutterCommand.verifyThenRunCommand (package:flutter_tools/src/runner/flutter_command.dart:333)
<asynchronous suspension>
#15     FlutterCommand.run.<anonymous closure> (package:flutter_tools/src/runner/flutter_command.dart:270)
<asynchronous suspension>
#16     AppContext.run.<anonymous closure> (package:flutter_tools/src/base/context.dart:142)
<asynchronous suspension>
#17     _rootRun (dart:async/zone.dart:1126)
#18     _CustomZone.run (dart:async/zone.dart:1023)
#19     runZoned (dart:async/zone.dart:1501)
#20     AppContext.run (package:flutter_tools/src/base/context.dart:141)
<asynchronous suspension>
#21     FlutterCommand.run (package:flutter_tools/src/runner/flutter_command.dart:261)
#22     CommandRunner.runCommand (package:args/command_runner.dart:194)
<asynchronous suspension>
#23     FlutterCommandRunner.runCommand.<anonymous closure> (package:flutter_tools/src/runner/flutter_command_runner.dart:309)
<asynchronous suspension>
#24     AppContext.run.<anonymous closure> (package:flutter_tools/src/base/context.dart:142)
<asynchronous suspension>
#25     _rootRun (dart:async/zone.dart:1126)
#26     _CustomZone.run (dart:async/zone.dart:1023)
#27     runZoned (dart:async/zone.dart:1501)
#28     AppContext.run (package:flutter_tools/src/base/context.dart:141)
<asynchronous suspension>
#29     FlutterCommandRunner.runCommand (package:flutter_tools/src/runner/flutter_command_runner.dart:265)
<asynchronous suspension>
#30     CommandRunner.run.<anonymous closure> (package:args/command_runner.dart:109)
#31     new Future.sync (dart:async/future.dart:224)
#32     CommandRunner.run (package:args/command_runner.dart:109)
#33     FlutterCommandRunner.run (package:flutter_tools/src/runner/flutter_command_runner.dart:174)
#34     run.<anonymous closure> (package:flutter_tools/runner.dart:54)
<asynchronous suspension>
#35     AppContext.run.<anonymous closure> (package:flutter_tools/src/base/context.dart:142)
<asynchronous suspension>
#36     _rootRun (dart:async/zone.dart:1126)
#37     _CustomZone.run (dart:async/zone.dart:1023)
#38     runZoned (dart:async/zone.dart:1501)
#39     AppContext.run (package:flutter_tools/src/base/context.dart:141)
<asynchronous suspension>
#40     runInContext (package:flutter_tools/src/context_runner.dart:41)
<asynchronous suspension>
#41     run (package:flutter_tools/runner.dart:49)
#42     main (package:flutter_tools/executable.dart:48)
<asynchronous suspension>
#43     main (file:///D:/AndroidSDK/FlutterSDK/flutter/packages/flutter_tools/bin/flutter_tools.dart:8)
#44     _startIsolate.<anonymous closure> (dart:isolate-patch/dart:isolate/isolate_patch.dart:277)
#45     _RawReceivePortImpl._handleMessage (dart:isolate-patch/dart:isolate/isolate_patch.dart:165)
```

## flutter doctor

```
[✓] Flutter (Channel beta, v0.3.2, on Microsoft Windows [Version 10.0.17134.48], locale en-US)
    • Flutter version 0.3.2 at D:\AndroidSDK\FlutterSDK\flutter
    • Framework revision 44b7e7d3f4 (4 weeks ago), 2018-04-20 01:02:44 -0700
    • Engine revision 09d05a3891
    • Dart version 2.0.0-dev.48.0.flutter-fe606f890b

[!] Android toolchain - develop for Android devices (Android SDK 27.0.3)
    • Android SDK at C:\Users\Andrey\AppData\Local\Android\sdk
    • Android NDK location not configured (optional; useful for native profiling support)
    • Platform android-27, build-tools 27.0.3
    • Java binary at: C:\Program Files\Android\Android Studio\jre\bin\java
    • Java version OpenJDK Runtime Environment (build 1.8.0_152-release-1024-b02)
    ! Some Android licenses not accepted.  To resolve this, run: flutter doctor --android-licenses

[✓] Android Studio (version 3.1)
    • Android Studio at C:\Program Files\Android\Android Studio
    • Flutter plugin version 24.2.1
    • Dart plugin version 173.4700
    • Java version OpenJDK Runtime Environment (build 1.8.0_152-release-1024-b02)

[✓] Connected devices (1 available)
    • Android SDK built for x86 • emulator-5554 • android-x86 • Android 6.0 (API 23) (emulator)

! Doctor found issues in 1 category.
```
